04-Nov-2023 21:21:10.597 INFO [main] org.apache.catalina.startup.VersionLoggerListener.log Server version name:   Apache Tomcat/10.1.15
04-Nov-2023 21:21:10.606 INFO [main] org.apache.catalina.startup.VersionLoggerListener.log Server built:          Oct 11 2023 23:38:40 UTC
04-Nov-2023 21:21:10.606 INFO [main] org.apache.catalina.startup.VersionLoggerListener.log Server version number: 10.1.15.0
04-Nov-2023 21:21:10.606 INFO [main] org.apache.catalina.startup.VersionLoggerListener.log OS Name:               Windows 11
04-Nov-2023 21:21:10.606 INFO [main] org.apache.catalina.startup.VersionLoggerListener.log OS Version:            10.0
04-Nov-2023 21:21:10.607 INFO [main] org.apache.catalina.startup.VersionLoggerListener.log Architecture:          amd64
04-Nov-2023 21:21:10.607 INFO [main] org.apache.catalina.startup.VersionLoggerListener.log Java Home:             C:\Program Files\Java\jdk-17.0.5
04-Nov-2023 21:21:10.607 INFO [main] org.apache.catalina.startup.VersionLoggerListener.log JVM Version:           17.0.5+9-LTS-191
04-Nov-2023 21:21:10.607 INFO [main] org.apache.catalina.startup.VersionLoggerListener.log JVM Vendor:            Oracle Corporation
04-Nov-2023 21:21:10.607 INFO [main] org.apache.catalina.startup.VersionLoggerListener.log CATALINA_BASE:         C:\Users\USER\OneDrive\Documents\Git\JSP-Robiul\tomcet file\apache-tomcat-10.1.15-windows-x64\apache-tomcat-10.1.15
04-Nov-2023 21:21:10.607 INFO [main] org.apache.catalina.startup.VersionLoggerListener.log CATALINA_HOME:         C:\Users\USER\OneDrive\Documents\Git\JSP-Robiul\tomcet file\apache-tomcat-10.1.15-windows-x64\apache-tomcat-10.1.15
04-Nov-2023 21:21:10.645 INFO [main] org.apache.catalina.startup.VersionLoggerListener.log Command line argument: -Djava.util.logging.config.file=C:\Users\USER\OneDrive\Documents\Git\JSP-Robiul\tomcet file\apache-tomcat-10.1.15-windows-x64\apache-tomcat-10.1.15\conf\logging.properties
04-Nov-2023 21:21:10.645 INFO [main] org.apache.catalina.startup.VersionLoggerListener.log Command line argument: -Djava.util.logging.manager=org.apache.juli.ClassLoaderLogManager
04-Nov-2023 21:21:10.645 INFO [main] org.apache.catalina.startup.VersionLoggerListener.log Command line argument: -Dhttp.nonProxyHosts=localhost|127.0.0.1|HMRobiul
04-Nov-2023 21:21:10.645 INFO [main] org.apache.catalina.startup.VersionLoggerListener.log Command line argument: -Djdk.tls.ephemeralDHKeySize=2048
04-Nov-2023 21:21:10.646 INFO [main] org.apache.catalina.startup.VersionLoggerListener.log Command line argument: -Djava.protocol.handler.pkgs=org.apache.catalina.webresources
04-Nov-2023 21:21:10.646 INFO [main] org.apache.catalina.startup.VersionLoggerListener.log Command line argument: --add-opens=java.base/java.lang=ALL-UNNAMED
04-Nov-2023 21:21:10.646 INFO [main] org.apache.catalina.startup.VersionLoggerListener.log Command line argument: --add-opens=java.base/java.io=ALL-UNNAMED
04-Nov-2023 21:21:10.646 INFO [main] org.apache.catalina.startup.VersionLoggerListener.log Command line argument: --add-opens=java.base/java.util=ALL-UNNAMED
04-Nov-2023 21:21:10.647 INFO [main] org.apache.catalina.startup.VersionLoggerListener.log Command line argument: --add-opens=java.base/java.util.concurrent=ALL-UNNAMED
04-Nov-2023 21:21:10.647 INFO [main] org.apache.catalina.startup.VersionLoggerListener.log Command line argument: --add-opens=java.rmi/sun.rmi.transport=ALL-UNNAMED
04-Nov-2023 21:21:10.647 INFO [main] org.apache.catalina.startup.VersionLoggerListener.log Command line argument: -Dcatalina.base=C:\Users\USER\OneDrive\Documents\Git\JSP-Robiul\tomcet file\apache-tomcat-10.1.15-windows-x64\apache-tomcat-10.1.15
04-Nov-2023 21:21:10.648 INFO [main] org.apache.catalina.startup.VersionLoggerListener.log Command line argument: -Dcatalina.home=C:\Users\USER\OneDrive\Documents\Git\JSP-Robiul\tomcet file\apache-tomcat-10.1.15-windows-x64\apache-tomcat-10.1.15
04-Nov-2023 21:21:10.648 INFO [main] org.apache.catalina.startup.VersionLoggerListener.log Command line argument: -Djava.io.tmpdir=C:\Users\USER\OneDrive\Documents\Git\JSP-Robiul\tomcet file\apache-tomcat-10.1.15-windows-x64\apache-tomcat-10.1.15\temp
04-Nov-2023 21:21:10.669 INFO [main] org.apache.catalina.core.AprLifecycleListener.lifecycleEvent Loaded Apache Tomcat Native library [2.0.6] using APR version [1.7.4].
04-Nov-2023 21:21:10.720 INFO [main] org.apache.catalina.core.AprLifecycleListener.initializeSSL OpenSSL successfully initialized [OpenSSL 3.0.11 19 Sep 2023]
04-Nov-2023 21:21:11.457 INFO [main] org.apache.coyote.AbstractProtocol.init Initializing ProtocolHandler ["http-nio-8080"]
04-Nov-2023 21:21:11.587 INFO [main] org.apache.catalina.startup.Catalina.load Server initialization in [1502] milliseconds
04-Nov-2023 21:21:11.795 INFO [main] org.apache.catalina.core.StandardService.startInternal Starting service [Catalina]
04-Nov-2023 21:21:11.796 INFO [main] org.apache.catalina.core.StandardEngine.startInternal Starting Servlet engine: [Apache Tomcat/10.1.15]
04-Nov-2023 21:21:11.833 INFO [main] org.apache.catalina.startup.HostConfig.deployDescriptor Deploying deployment descriptor [C:\Users\USER\OneDrive\Documents\Git\JSP-Robiul\tomcet file\apache-tomcat-10.1.15-windows-x64\apache-tomcat-10.1.15\conf\Catalina\localhost\Gaja_Project.xml]
04-Nov-2023 21:21:11.911 WARNING [main] org.apache.catalina.startup.HostConfig.deployDescriptor The path attribute with value [/Gaja_Project] in deployment descriptor [C:\Users\USER\OneDrive\Documents\Git\JSP-Robiul\tomcet file\apache-tomcat-10.1.15-windows-x64\apache-tomcat-10.1.15\conf\Catalina\localhost\Gaja_Project.xml] has been ignored
04-Nov-2023 21:21:14.417 INFO [main] org.apache.jasper.servlet.TldScanner.scanJars At least one JAR was scanned for TLDs yet contained no TLDs. Enable debug logging for this logger for a complete list of JARs that were scanned but no TLDs were found in them. Skipping unneeded JARs during scanning can improve startup time and JSP compilation time.
04-Nov-2023 21:21:14.754 INFO [main] org.apache.catalina.startup.HostConfig.deployDescriptor Deployment of deployment descriptor [C:\Users\USER\OneDrive\Documents\Git\JSP-Robiul\tomcet file\apache-tomcat-10.1.15-windows-x64\apache-tomcat-10.1.15\conf\Catalina\localhost\Gaja_Project.xml] has finished in [2,919] ms
04-Nov-2023 21:21:14.754 INFO [main] org.apache.catalina.startup.HostConfig.deployDescriptor Deploying deployment descriptor [C:\Users\USER\OneDrive\Documents\Git\JSP-Robiul\tomcet file\apache-tomcat-10.1.15-windows-x64\apache-tomcat-10.1.15\conf\Catalina\localhost\JSP_First_Project.xml]
04-Nov-2023 21:21:14.756 WARNING [main] org.apache.catalina.startup.HostConfig.deployDescriptor The path attribute with value [/JSP_First_Project] in deployment descriptor [C:\Users\USER\OneDrive\Documents\Git\JSP-Robiul\tomcet file\apache-tomcat-10.1.15-windows-x64\apache-tomcat-10.1.15\conf\Catalina\localhost\JSP_First_Project.xml] has been ignored
04-Nov-2023 21:21:17.498 INFO [main] org.apache.jasper.servlet.TldScanner.scanJars At least one JAR was scanned for TLDs yet contained no TLDs. Enable debug logging for this logger for a complete list of JARs that were scanned but no TLDs were found in them. Skipping unneeded JARs during scanning can improve startup time and JSP compilation time.
04-Nov-2023 21:21:17.647 INFO [main] org.apache.catalina.startup.HostConfig.deployDescriptor Deployment of deployment descriptor [C:\Users\USER\OneDrive\Documents\Git\JSP-Robiul\tomcet file\apache-tomcat-10.1.15-windows-x64\apache-tomcat-10.1.15\conf\Catalina\localhost\JSP_First_Project.xml] has finished in [2,892] ms
04-Nov-2023 21:21:17.648 INFO [main] org.apache.catalina.startup.HostConfig.deployDirectory Deploying web application directory [C:\Users\USER\OneDrive\Documents\Git\JSP-Robiul\tomcet file\apache-tomcat-10.1.15-windows-x64\apache-tomcat-10.1.15\webapps\docs]
04-Nov-2023 21:21:18.004 INFO [main] org.apache.catalina.startup.HostConfig.deployDirectory Deployment of web application directory [C:\Users\USER\OneDrive\Documents\Git\JSP-Robiul\tomcet file\apache-tomcat-10.1.15-windows-x64\apache-tomcat-10.1.15\webapps\docs] has finished in [356] ms
04-Nov-2023 21:21:18.006 INFO [main] org.apache.catalina.startup.HostConfig.deployDirectory Deploying web application directory [C:\Users\USER\OneDrive\Documents\Git\JSP-Robiul\tomcet file\apache-tomcat-10.1.15-windows-x64\apache-tomcat-10.1.15\webapps\examples]
04-Nov-2023 21:21:20.257 INFO [main] org.apache.catalina.startup.HostConfig.deployDirectory Deployment of web application directory [C:\Users\USER\OneDrive\Documents\Git\JSP-Robiul\tomcet file\apache-tomcat-10.1.15-windows-x64\apache-tomcat-10.1.15\webapps\examples] has finished in [2,250] ms
04-Nov-2023 21:21:20.258 INFO [main] org.apache.catalina.startup.HostConfig.deployDirectory Deploying web application directory [C:\Users\USER\OneDrive\Documents\Git\JSP-Robiul\tomcet file\apache-tomcat-10.1.15-windows-x64\apache-tomcat-10.1.15\webapps\host-manager]
04-Nov-2023 21:21:20.493 INFO [main] org.apache.catalina.startup.HostConfig.deployDirectory Deployment of web application directory [C:\Users\USER\OneDrive\Documents\Git\JSP-Robiul\tomcet file\apache-tomcat-10.1.15-windows-x64\apache-tomcat-10.1.15\webapps\host-manager] has finished in [235] ms
04-Nov-2023 21:21:20.494 INFO [main] org.apache.catalina.startup.HostConfig.deployDirectory Deploying web application directory [C:\Users\USER\OneDrive\Documents\Git\JSP-Robiul\tomcet file\apache-tomcat-10.1.15-windows-x64\apache-tomcat-10.1.15\webapps\manager]
04-Nov-2023 21:21:20.774 INFO [main] org.apache.catalina.startup.HostConfig.deployDirectory Deployment of web application directory [C:\Users\USER\OneDrive\Documents\Git\JSP-Robiul\tomcet file\apache-tomcat-10.1.15-windows-x64\apache-tomcat-10.1.15\webapps\manager] has finished in [279] ms
04-Nov-2023 21:21:20.775 INFO [main] org.apache.catalina.startup.HostConfig.deployDirectory Deploying web application directory [C:\Users\USER\OneDrive\Documents\Git\JSP-Robiul\tomcet file\apache-tomcat-10.1.15-windows-x64\apache-tomcat-10.1.15\webapps\ROOT]
04-Nov-2023 21:21:20.928 INFO [main] org.apache.catalina.startup.HostConfig.deployDirectory Deployment of web application directory [C:\Users\USER\OneDrive\Documents\Git\JSP-Robiul\tomcet file\apache-tomcat-10.1.15-windows-x64\apache-tomcat-10.1.15\webapps\ROOT] has finished in [152] ms
04-Nov-2023 21:21:20.939 INFO [main] org.apache.coyote.AbstractProtocol.start Starting ProtocolHandler ["http-nio-8080"]
04-Nov-2023 21:21:21.094 INFO [main] org.apache.catalina.startup.Catalina.start Server startup in [9506] milliseconds
04-Nov-2023 21:21:25.826 INFO [http-nio-8080-exec-2] org.apache.catalina.startup.HostConfig.deployDescriptor Deploying deployment descriptor [C:\Users\USER\OneDrive\Documents\Git\JSP-Robiul\tomcet file\apache-tomcat-10.1.15-windows-x64\apache-tomcat-10.1.15\conf\Catalina\localhost\First_JSP_Project_55.xml]
04-Nov-2023 21:21:25.831 WARNING [http-nio-8080-exec-2] org.apache.catalina.startup.HostConfig.deployDescriptor The path attribute with value [/First_JSP_Project_55] in deployment descriptor [C:\Users\USER\OneDrive\Documents\Git\JSP-Robiul\tomcet file\apache-tomcat-10.1.15-windows-x64\apache-tomcat-10.1.15\conf\Catalina\localhost\First_JSP_Project_55.xml] has been ignored
04-Nov-2023 21:21:25.920 INFO [http-nio-8080-exec-2] org.apache.catalina.startup.HostConfig.deployDescriptor Deployment of deployment descriptor [C:\Users\USER\OneDrive\Documents\Git\JSP-Robiul\tomcet file\apache-tomcat-10.1.15-windows-x64\apache-tomcat-10.1.15\conf\Catalina\localhost\First_JSP_Project_55.xml] has finished in [94] ms
04-Nov-2023 21:21:25.930 INFO [http-nio-8080-exec-4] org.apache.catalina.util.LifecycleBase.start The start() method was called on component [StandardEngine[Catalina].StandardHost[localhost].StandardContext[/First_JSP_Project_55]] after start() had already been called. The second call will be ignored.
04-Nov-2023 21:24:23.204 INFO [http-nio-8080-exec-5] org.apache.catalina.core.StandardContext.reload Reloading Context with name [/First_JSP_Project_55] has started
04-Nov-2023 21:24:23.944 INFO [http-nio-8080-exec-5] org.apache.jasper.servlet.TldScanner.scanJars At least one JAR was scanned for TLDs yet contained no TLDs. Enable debug logging for this logger for a complete list of JARs that were scanned but no TLDs were found in them. Skipping unneeded JARs during scanning can improve startup time and JSP compilation time.
04-Nov-2023 21:24:23.976 INFO [http-nio-8080-exec-5] org.apache.catalina.core.StandardContext.reload Reloading Context with name [/First_JSP_Project_55] is completed
04-Nov-2023 21:24:24.321 INFO [http-nio-8080-exec-2] org.apache.catalina.core.StandardContext.reload Reloading Context with name [/First_JSP_Project_55] has started
04-Nov-2023 21:24:25.329 INFO [http-nio-8080-exec-2] org.apache.jasper.servlet.TldScanner.scanJars At least one JAR was scanned for TLDs yet contained no TLDs. Enable debug logging for this logger for a complete list of JARs that were scanned but no TLDs were found in them. Skipping unneeded JARs during scanning can improve startup time and JSP compilation time.
04-Nov-2023 21:24:25.395 INFO [http-nio-8080-exec-2] org.apache.catalina.core.StandardContext.reload Reloading Context with name [/First_JSP_Project_55] is completed
