02-Nov-2023 01:09:42.262 INFO [http-nio-8080-exec-38] org.apache.catalina.startup.HostConfig.undeploy Undeploying context [/WebApplication1]
02-Nov-2023 01:10:22.352 INFO [http-nio-8080-exec-35] org.apache.catalina.startup.HostConfig.deployDescriptor Deploying deployment descriptor [C:\Users\USER\OneDrive\Documents\Git\JSP-Robiul\tomcet file\apache-tomcat-10.1.15-windows-x64\apache-tomcat-10.1.15\conf\Catalina\localhost\JSP_First_Project.xml]
02-Nov-2023 01:10:22.369 WARNING [http-nio-8080-exec-35] org.apache.catalina.startup.HostConfig.deployDescriptor The path attribute with value [/JSP_First_Project] in deployment descriptor [C:\Users\USER\OneDrive\Documents\Git\JSP-Robiul\tomcet file\apache-tomcat-10.1.15-windows-x64\apache-tomcat-10.1.15\conf\Catalina\localhost\JSP_First_Project.xml] has been ignored
02-Nov-2023 01:10:23.247 INFO [http-nio-8080-exec-35] org.apache.jasper.servlet.TldScanner.scanJars At least one JAR was scanned for TLDs yet contained no TLDs. Enable debug logging for this logger for a complete list of JARs that were scanned but no TLDs were found in them. Skipping unneeded JARs during scanning can improve startup time and JSP compilation time.
02-Nov-2023 01:10:23.268 INFO [http-nio-8080-exec-35] org.apache.catalina.startup.HostConfig.deployDescriptor Deployment of deployment descriptor [C:\Users\USER\OneDrive\Documents\Git\JSP-Robiul\tomcet file\apache-tomcat-10.1.15-windows-x64\apache-tomcat-10.1.15\conf\Catalina\localhost\JSP_First_Project.xml] has finished in [913] ms
02-Nov-2023 01:10:23.273 INFO [http-nio-8080-exec-40] org.apache.catalina.util.LifecycleBase.start The start() method was called on component [StandardEngine[Catalina].StandardHost[localhost].StandardContext[/JSP_First_Project]] after start() had already been called. The second call will be ignored.
02-Nov-2023 21:42:33.477 INFO [main] org.apache.catalina.startup.VersionLoggerListener.log Server version name:   Apache Tomcat/10.1.15
02-Nov-2023 21:42:33.484 INFO [main] org.apache.catalina.startup.VersionLoggerListener.log Server built:          Oct 11 2023 23:38:40 UTC
02-Nov-2023 21:42:33.485 INFO [main] org.apache.catalina.startup.VersionLoggerListener.log Server version number: 10.1.15.0
02-Nov-2023 21:42:33.485 INFO [main] org.apache.catalina.startup.VersionLoggerListener.log OS Name:               Windows 11
02-Nov-2023 21:42:33.485 INFO [main] org.apache.catalina.startup.VersionLoggerListener.log OS Version:            10.0
02-Nov-2023 21:42:33.485 INFO [main] org.apache.catalina.startup.VersionLoggerListener.log Architecture:          amd64
02-Nov-2023 21:42:33.486 INFO [main] org.apache.catalina.startup.VersionLoggerListener.log Java Home:             C:\Program Files\Java\jdk-17.0.5
02-Nov-2023 21:42:33.486 INFO [main] org.apache.catalina.startup.VersionLoggerListener.log JVM Version:           17.0.5+9-LTS-191
02-Nov-2023 21:42:33.486 INFO [main] org.apache.catalina.startup.VersionLoggerListener.log JVM Vendor:            Oracle Corporation
02-Nov-2023 21:42:33.486 INFO [main] org.apache.catalina.startup.VersionLoggerListener.log CATALINA_BASE:         C:\Users\USER\OneDrive\Documents\Git\JSP-Robiul\tomcet file\apache-tomcat-10.1.15-windows-x64\apache-tomcat-10.1.15
02-Nov-2023 21:42:33.486 INFO [main] org.apache.catalina.startup.VersionLoggerListener.log CATALINA_HOME:         C:\Users\USER\OneDrive\Documents\Git\JSP-Robiul\tomcet file\apache-tomcat-10.1.15-windows-x64\apache-tomcat-10.1.15
02-Nov-2023 21:42:33.507 INFO [main] org.apache.catalina.startup.VersionLoggerListener.log Command line argument: -Djava.util.logging.config.file=C:\Users\USER\OneDrive\Documents\Git\JSP-Robiul\tomcet file\apache-tomcat-10.1.15-windows-x64\apache-tomcat-10.1.15\conf\logging.properties
02-Nov-2023 21:42:33.507 INFO [main] org.apache.catalina.startup.VersionLoggerListener.log Command line argument: -Djava.util.logging.manager=org.apache.juli.ClassLoaderLogManager
02-Nov-2023 21:42:33.507 INFO [main] org.apache.catalina.startup.VersionLoggerListener.log Command line argument: -Dhttp.nonProxyHosts=localhost|127.0.0.1|HMRobiul
02-Nov-2023 21:42:33.507 INFO [main] org.apache.catalina.startup.VersionLoggerListener.log Command line argument: -Djdk.tls.ephemeralDHKeySize=2048
02-Nov-2023 21:42:33.507 INFO [main] org.apache.catalina.startup.VersionLoggerListener.log Command line argument: -Djava.protocol.handler.pkgs=org.apache.catalina.webresources
02-Nov-2023 21:42:33.507 INFO [main] org.apache.catalina.startup.VersionLoggerListener.log Command line argument: --add-opens=java.base/java.lang=ALL-UNNAMED
02-Nov-2023 21:42:33.507 INFO [main] org.apache.catalina.startup.VersionLoggerListener.log Command line argument: --add-opens=java.base/java.io=ALL-UNNAMED
02-Nov-2023 21:42:33.507 INFO [main] org.apache.catalina.startup.VersionLoggerListener.log Command line argument: --add-opens=java.base/java.util=ALL-UNNAMED
02-Nov-2023 21:42:33.507 INFO [main] org.apache.catalina.startup.VersionLoggerListener.log Command line argument: --add-opens=java.base/java.util.concurrent=ALL-UNNAMED
02-Nov-2023 21:42:33.507 INFO [main] org.apache.catalina.startup.VersionLoggerListener.log Command line argument: --add-opens=java.rmi/sun.rmi.transport=ALL-UNNAMED
02-Nov-2023 21:42:33.507 INFO [main] org.apache.catalina.startup.VersionLoggerListener.log Command line argument: -Dcatalina.base=C:\Users\USER\OneDrive\Documents\Git\JSP-Robiul\tomcet file\apache-tomcat-10.1.15-windows-x64\apache-tomcat-10.1.15
02-Nov-2023 21:42:33.508 INFO [main] org.apache.catalina.startup.VersionLoggerListener.log Command line argument: -Dcatalina.home=C:\Users\USER\OneDrive\Documents\Git\JSP-Robiul\tomcet file\apache-tomcat-10.1.15-windows-x64\apache-tomcat-10.1.15
02-Nov-2023 21:42:33.508 INFO [main] org.apache.catalina.startup.VersionLoggerListener.log Command line argument: -Djava.io.tmpdir=C:\Users\USER\OneDrive\Documents\Git\JSP-Robiul\tomcet file\apache-tomcat-10.1.15-windows-x64\apache-tomcat-10.1.15\temp
02-Nov-2023 21:42:33.595 INFO [main] org.apache.catalina.core.AprLifecycleListener.lifecycleEvent Loaded Apache Tomcat Native library [2.0.6] using APR version [1.7.4].
02-Nov-2023 21:42:33.638 INFO [main] org.apache.catalina.core.AprLifecycleListener.initializeSSL OpenSSL successfully initialized [OpenSSL 3.0.11 19 Sep 2023]
02-Nov-2023 21:42:33.995 INFO [main] org.apache.coyote.AbstractProtocol.init Initializing ProtocolHandler ["http-nio-8080"]
02-Nov-2023 21:42:34.043 INFO [main] org.apache.catalina.startup.Catalina.load Server initialization in [866] milliseconds
02-Nov-2023 21:42:34.102 INFO [main] org.apache.catalina.core.StandardService.startInternal Starting service [Catalina]
02-Nov-2023 21:42:34.102 INFO [main] org.apache.catalina.core.StandardEngine.startInternal Starting Servlet engine: [Apache Tomcat/10.1.15]
02-Nov-2023 21:42:34.117 INFO [main] org.apache.catalina.startup.HostConfig.deployDescriptor Deploying deployment descriptor [C:\Users\USER\OneDrive\Documents\Git\JSP-Robiul\tomcet file\apache-tomcat-10.1.15-windows-x64\apache-tomcat-10.1.15\conf\Catalina\localhost\JSP_First_Project.xml]
02-Nov-2023 21:42:34.136 WARNING [main] org.apache.catalina.startup.HostConfig.deployDescriptor The path attribute with value [/JSP_First_Project] in deployment descriptor [C:\Users\USER\OneDrive\Documents\Git\JSP-Robiul\tomcet file\apache-tomcat-10.1.15-windows-x64\apache-tomcat-10.1.15\conf\Catalina\localhost\JSP_First_Project.xml] has been ignored
02-Nov-2023 21:42:35.709 INFO [main] org.apache.jasper.servlet.TldScanner.scanJars At least one JAR was scanned for TLDs yet contained no TLDs. Enable debug logging for this logger for a complete list of JARs that were scanned but no TLDs were found in them. Skipping unneeded JARs during scanning can improve startup time and JSP compilation time.
02-Nov-2023 21:42:35.846 INFO [main] org.apache.catalina.startup.HostConfig.deployDescriptor Deployment of deployment descriptor [C:\Users\USER\OneDrive\Documents\Git\JSP-Robiul\tomcet file\apache-tomcat-10.1.15-windows-x64\apache-tomcat-10.1.15\conf\Catalina\localhost\JSP_First_Project.xml] has finished in [1,726] ms
02-Nov-2023 21:42:35.847 INFO [main] org.apache.catalina.startup.HostConfig.deployDirectory Deploying web application directory [C:\Users\USER\OneDrive\Documents\Git\JSP-Robiul\tomcet file\apache-tomcat-10.1.15-windows-x64\apache-tomcat-10.1.15\webapps\docs]
02-Nov-2023 21:42:35.916 INFO [main] org.apache.catalina.startup.HostConfig.deployDirectory Deployment of web application directory [C:\Users\USER\OneDrive\Documents\Git\JSP-Robiul\tomcet file\apache-tomcat-10.1.15-windows-x64\apache-tomcat-10.1.15\webapps\docs] has finished in [69] ms
02-Nov-2023 21:42:35.916 INFO [main] org.apache.catalina.startup.HostConfig.deployDirectory Deploying web application directory [C:\Users\USER\OneDrive\Documents\Git\JSP-Robiul\tomcet file\apache-tomcat-10.1.15-windows-x64\apache-tomcat-10.1.15\webapps\examples]
02-Nov-2023 21:42:36.566 INFO [main] org.apache.catalina.startup.HostConfig.deployDirectory Deployment of web application directory [C:\Users\USER\OneDrive\Documents\Git\JSP-Robiul\tomcet file\apache-tomcat-10.1.15-windows-x64\apache-tomcat-10.1.15\webapps\examples] has finished in [649] ms
02-Nov-2023 21:42:36.566 INFO [main] org.apache.catalina.startup.HostConfig.deployDirectory Deploying web application directory [C:\Users\USER\OneDrive\Documents\Git\JSP-Robiul\tomcet file\apache-tomcat-10.1.15-windows-x64\apache-tomcat-10.1.15\webapps\host-manager]
02-Nov-2023 21:42:36.639 INFO [main] org.apache.catalina.startup.HostConfig.deployDirectory Deployment of web application directory [C:\Users\USER\OneDrive\Documents\Git\JSP-Robiul\tomcet file\apache-tomcat-10.1.15-windows-x64\apache-tomcat-10.1.15\webapps\host-manager] has finished in [73] ms
02-Nov-2023 21:42:36.640 INFO [main] org.apache.catalina.startup.HostConfig.deployDirectory Deploying web application directory [C:\Users\USER\OneDrive\Documents\Git\JSP-Robiul\tomcet file\apache-tomcat-10.1.15-windows-x64\apache-tomcat-10.1.15\webapps\manager]
02-Nov-2023 21:42:36.748 INFO [main] org.apache.catalina.startup.HostConfig.deployDirectory Deployment of web application directory [C:\Users\USER\OneDrive\Documents\Git\JSP-Robiul\tomcet file\apache-tomcat-10.1.15-windows-x64\apache-tomcat-10.1.15\webapps\manager] has finished in [107] ms
02-Nov-2023 21:42:36.749 INFO [main] org.apache.catalina.startup.HostConfig.deployDirectory Deploying web application directory [C:\Users\USER\OneDrive\Documents\Git\JSP-Robiul\tomcet file\apache-tomcat-10.1.15-windows-x64\apache-tomcat-10.1.15\webapps\ROOT]
02-Nov-2023 21:42:36.802 INFO [main] org.apache.catalina.startup.HostConfig.deployDirectory Deployment of web application directory [C:\Users\USER\OneDrive\Documents\Git\JSP-Robiul\tomcet file\apache-tomcat-10.1.15-windows-x64\apache-tomcat-10.1.15\webapps\ROOT] has finished in [53] ms
02-Nov-2023 21:42:36.805 INFO [main] org.apache.coyote.AbstractProtocol.start Starting ProtocolHandler ["http-nio-8080"]
02-Nov-2023 21:42:36.859 INFO [main] org.apache.catalina.startup.Catalina.start Server startup in [2815] milliseconds
02-Nov-2023 22:05:57.003 INFO [main] org.apache.catalina.core.StandardServer.await A valid shutdown command was received via the shutdown port. Stopping the Server instance.
02-Nov-2023 22:05:57.010 INFO [main] org.apache.coyote.AbstractProtocol.pause Pausing ProtocolHandler ["http-nio-8080"]
02-Nov-2023 22:05:57.062 INFO [main] org.apache.catalina.core.StandardService.stopInternal Stopping service [Catalina]
02-Nov-2023 22:05:57.236 INFO [main] org.apache.coyote.AbstractProtocol.stop Stopping ProtocolHandler ["http-nio-8080"]
02-Nov-2023 22:05:57.255 INFO [main] org.apache.coyote.AbstractProtocol.destroy Destroying ProtocolHandler ["http-nio-8080"]
02-Nov-2023 22:14:13.703 INFO [main] org.apache.catalina.startup.VersionLoggerListener.log Server version name:   Apache Tomcat/10.1.15
02-Nov-2023 22:14:13.712 INFO [main] org.apache.catalina.startup.VersionLoggerListener.log Server built:          Oct 11 2023 23:38:40 UTC
02-Nov-2023 22:14:13.713 INFO [main] org.apache.catalina.startup.VersionLoggerListener.log Server version number: 10.1.15.0
02-Nov-2023 22:14:13.713 INFO [main] org.apache.catalina.startup.VersionLoggerListener.log OS Name:               Windows 11
02-Nov-2023 22:14:13.713 INFO [main] org.apache.catalina.startup.VersionLoggerListener.log OS Version:            10.0
02-Nov-2023 22:14:13.713 INFO [main] org.apache.catalina.startup.VersionLoggerListener.log Architecture:          amd64
02-Nov-2023 22:14:13.713 INFO [main] org.apache.catalina.startup.VersionLoggerListener.log Java Home:             C:\Program Files\Java\jdk-17.0.5
02-Nov-2023 22:14:13.713 INFO [main] org.apache.catalina.startup.VersionLoggerListener.log JVM Version:           17.0.5+9-LTS-191
02-Nov-2023 22:14:13.714 INFO [main] org.apache.catalina.startup.VersionLoggerListener.log JVM Vendor:            Oracle Corporation
02-Nov-2023 22:14:13.714 INFO [main] org.apache.catalina.startup.VersionLoggerListener.log CATALINA_BASE:         C:\Users\USER\OneDrive\Documents\Git\JSP-Robiul\tomcet file\apache-tomcat-10.1.15-windows-x64\apache-tomcat-10.1.15
02-Nov-2023 22:14:13.714 INFO [main] org.apache.catalina.startup.VersionLoggerListener.log CATALINA_HOME:         C:\Users\USER\OneDrive\Documents\Git\JSP-Robiul\tomcet file\apache-tomcat-10.1.15-windows-x64\apache-tomcat-10.1.15
02-Nov-2023 22:14:13.736 INFO [main] org.apache.catalina.startup.VersionLoggerListener.log Command line argument: -Djava.util.logging.config.file=C:\Users\USER\OneDrive\Documents\Git\JSP-Robiul\tomcet file\apache-tomcat-10.1.15-windows-x64\apache-tomcat-10.1.15\conf\logging.properties
02-Nov-2023 22:14:13.737 INFO [main] org.apache.catalina.startup.VersionLoggerListener.log Command line argument: -Djava.util.logging.manager=org.apache.juli.ClassLoaderLogManager
02-Nov-2023 22:14:13.737 INFO [main] org.apache.catalina.startup.VersionLoggerListener.log Command line argument: -Dhttp.nonProxyHosts=localhost|127.0.0.1|HMRobiul
02-Nov-2023 22:14:13.737 INFO [main] org.apache.catalina.startup.VersionLoggerListener.log Command line argument: -Djdk.tls.ephemeralDHKeySize=2048
02-Nov-2023 22:14:13.737 INFO [main] org.apache.catalina.startup.VersionLoggerListener.log Command line argument: -Djava.protocol.handler.pkgs=org.apache.catalina.webresources
02-Nov-2023 22:14:13.737 INFO [main] org.apache.catalina.startup.VersionLoggerListener.log Command line argument: --add-opens=java.base/java.lang=ALL-UNNAMED
02-Nov-2023 22:14:13.737 INFO [main] org.apache.catalina.startup.VersionLoggerListener.log Command line argument: --add-opens=java.base/java.io=ALL-UNNAMED
02-Nov-2023 22:14:13.738 INFO [main] org.apache.catalina.startup.VersionLoggerListener.log Command line argument: --add-opens=java.base/java.util=ALL-UNNAMED
02-Nov-2023 22:14:13.738 INFO [main] org.apache.catalina.startup.VersionLoggerListener.log Command line argument: --add-opens=java.base/java.util.concurrent=ALL-UNNAMED
02-Nov-2023 22:14:13.738 INFO [main] org.apache.catalina.startup.VersionLoggerListener.log Command line argument: --add-opens=java.rmi/sun.rmi.transport=ALL-UNNAMED
02-Nov-2023 22:14:13.738 INFO [main] org.apache.catalina.startup.VersionLoggerListener.log Command line argument: -Dcatalina.base=C:\Users\USER\OneDrive\Documents\Git\JSP-Robiul\tomcet file\apache-tomcat-10.1.15-windows-x64\apache-tomcat-10.1.15
02-Nov-2023 22:14:13.739 INFO [main] org.apache.catalina.startup.VersionLoggerListener.log Command line argument: -Dcatalina.home=C:\Users\USER\OneDrive\Documents\Git\JSP-Robiul\tomcet file\apache-tomcat-10.1.15-windows-x64\apache-tomcat-10.1.15
02-Nov-2023 22:14:13.739 INFO [main] org.apache.catalina.startup.VersionLoggerListener.log Command line argument: -Djava.io.tmpdir=C:\Users\USER\OneDrive\Documents\Git\JSP-Robiul\tomcet file\apache-tomcat-10.1.15-windows-x64\apache-tomcat-10.1.15\temp
02-Nov-2023 22:14:13.879 INFO [main] org.apache.catalina.core.AprLifecycleListener.lifecycleEvent Loaded Apache Tomcat Native library [2.0.6] using APR version [1.7.4].
02-Nov-2023 22:14:13.917 INFO [main] org.apache.catalina.core.AprLifecycleListener.initializeSSL OpenSSL successfully initialized [OpenSSL 3.0.11 19 Sep 2023]
02-Nov-2023 22:14:14.356 INFO [main] org.apache.coyote.AbstractProtocol.init Initializing ProtocolHandler ["http-nio-8080"]
02-Nov-2023 22:14:14.405 INFO [main] org.apache.catalina.startup.Catalina.load Server initialization in [1036] milliseconds
02-Nov-2023 22:14:14.500 INFO [main] org.apache.catalina.core.StandardService.startInternal Starting service [Catalina]
02-Nov-2023 22:14:14.500 INFO [main] org.apache.catalina.core.StandardEngine.startInternal Starting Servlet engine: [Apache Tomcat/10.1.15]
02-Nov-2023 22:14:14.517 INFO [main] org.apache.catalina.startup.HostConfig.deployDescriptor Deploying deployment descriptor [C:\Users\USER\OneDrive\Documents\Git\JSP-Robiul\tomcet file\apache-tomcat-10.1.15-windows-x64\apache-tomcat-10.1.15\conf\Catalina\localhost\JSP_First_Project.xml]
02-Nov-2023 22:14:14.545 WARNING [main] org.apache.catalina.startup.HostConfig.deployDescriptor The path attribute with value [/JSP_First_Project] in deployment descriptor [C:\Users\USER\OneDrive\Documents\Git\JSP-Robiul\tomcet file\apache-tomcat-10.1.15-windows-x64\apache-tomcat-10.1.15\conf\Catalina\localhost\JSP_First_Project.xml] has been ignored
02-Nov-2023 22:14:16.445 INFO [main] org.apache.jasper.servlet.TldScanner.scanJars At least one JAR was scanned for TLDs yet contained no TLDs. Enable debug logging for this logger for a complete list of JARs that were scanned but no TLDs were found in them. Skipping unneeded JARs during scanning can improve startup time and JSP compilation time.
02-Nov-2023 22:14:16.639 INFO [main] org.apache.catalina.startup.HostConfig.deployDescriptor Deployment of deployment descriptor [C:\Users\USER\OneDrive\Documents\Git\JSP-Robiul\tomcet file\apache-tomcat-10.1.15-windows-x64\apache-tomcat-10.1.15\conf\Catalina\localhost\JSP_First_Project.xml] has finished in [2,121] ms
02-Nov-2023 22:14:16.640 INFO [main] org.apache.catalina.startup.HostConfig.deployDirectory Deploying web application directory [C:\Users\USER\OneDrive\Documents\Git\JSP-Robiul\tomcet file\apache-tomcat-10.1.15-windows-x64\apache-tomcat-10.1.15\webapps\docs]
02-Nov-2023 22:14:16.734 INFO [main] org.apache.catalina.startup.HostConfig.deployDirectory Deployment of web application directory [C:\Users\USER\OneDrive\Documents\Git\JSP-Robiul\tomcet file\apache-tomcat-10.1.15-windows-x64\apache-tomcat-10.1.15\webapps\docs] has finished in [94] ms
02-Nov-2023 22:14:16.735 INFO [main] org.apache.catalina.startup.HostConfig.deployDirectory Deploying web application directory [C:\Users\USER\OneDrive\Documents\Git\JSP-Robiul\tomcet file\apache-tomcat-10.1.15-windows-x64\apache-tomcat-10.1.15\webapps\examples]
02-Nov-2023 22:14:17.979 INFO [main] org.apache.catalina.startup.HostConfig.deployDirectory Deployment of web application directory [C:\Users\USER\OneDrive\Documents\Git\JSP-Robiul\tomcet file\apache-tomcat-10.1.15-windows-x64\apache-tomcat-10.1.15\webapps\examples] has finished in [1,243] ms
02-Nov-2023 22:14:17.979 INFO [main] org.apache.catalina.startup.HostConfig.deployDirectory Deploying web application directory [C:\Users\USER\OneDrive\Documents\Git\JSP-Robiul\tomcet file\apache-tomcat-10.1.15-windows-x64\apache-tomcat-10.1.15\webapps\host-manager]
02-Nov-2023 22:14:18.086 INFO [main] org.apache.catalina.startup.HostConfig.deployDirectory Deployment of web application directory [C:\Users\USER\OneDrive\Documents\Git\JSP-Robiul\tomcet file\apache-tomcat-10.1.15-windows-x64\apache-tomcat-10.1.15\webapps\host-manager] has finished in [107] ms
02-Nov-2023 22:14:18.087 INFO [main] org.apache.catalina.startup.HostConfig.deployDirectory Deploying web application directory [C:\Users\USER\OneDrive\Documents\Git\JSP-Robiul\tomcet file\apache-tomcat-10.1.15-windows-x64\apache-tomcat-10.1.15\webapps\manager]
02-Nov-2023 22:14:18.171 INFO [main] org.apache.catalina.startup.HostConfig.deployDirectory Deployment of web application directory [C:\Users\USER\OneDrive\Documents\Git\JSP-Robiul\tomcet file\apache-tomcat-10.1.15-windows-x64\apache-tomcat-10.1.15\webapps\manager] has finished in [84] ms
02-Nov-2023 22:14:18.171 INFO [main] org.apache.catalina.startup.HostConfig.deployDirectory Deploying web application directory [C:\Users\USER\OneDrive\Documents\Git\JSP-Robiul\tomcet file\apache-tomcat-10.1.15-windows-x64\apache-tomcat-10.1.15\webapps\ROOT]
02-Nov-2023 22:14:18.238 INFO [main] org.apache.catalina.startup.HostConfig.deployDirectory Deployment of web application directory [C:\Users\USER\OneDrive\Documents\Git\JSP-Robiul\tomcet file\apache-tomcat-10.1.15-windows-x64\apache-tomcat-10.1.15\webapps\ROOT] has finished in [67] ms
02-Nov-2023 22:14:18.243 INFO [main] org.apache.coyote.AbstractProtocol.start Starting ProtocolHandler ["http-nio-8080"]
02-Nov-2023 22:14:18.318 INFO [main] org.apache.catalina.startup.Catalina.start Server startup in [3912] milliseconds
02-Nov-2023 22:14:20.906 INFO [http-nio-8080-exec-1] org.apache.catalina.startup.HostConfig.deployDescriptor Deploying deployment descriptor [C:\Users\USER\OneDrive\Documents\Git\JSP-Robiul\tomcet file\apache-tomcat-10.1.15-windows-x64\apache-tomcat-10.1.15\conf\Catalina\localhost\Gaja_Project.xml]
02-Nov-2023 22:14:20.907 WARNING [http-nio-8080-exec-1] org.apache.catalina.startup.HostConfig.deployDescriptor The path attribute with value [/Gaja_Project] in deployment descriptor [C:\Users\USER\OneDrive\Documents\Git\JSP-Robiul\tomcet file\apache-tomcat-10.1.15-windows-x64\apache-tomcat-10.1.15\conf\Catalina\localhost\Gaja_Project.xml] has been ignored
02-Nov-2023 22:14:20.964 INFO [http-nio-8080-exec-1] org.apache.catalina.startup.HostConfig.deployDescriptor Deployment of deployment descriptor [C:\Users\USER\OneDrive\Documents\Git\JSP-Robiul\tomcet file\apache-tomcat-10.1.15-windows-x64\apache-tomcat-10.1.15\conf\Catalina\localhost\Gaja_Project.xml] has finished in [57] ms
02-Nov-2023 22:14:20.976 INFO [http-nio-8080-exec-10] org.apache.catalina.util.LifecycleBase.start The start() method was called on component [StandardEngine[Catalina].StandardHost[localhost].StandardContext[/Gaja_Project]] after start() had already been called. The second call will be ignored.
02-Nov-2023 22:24:49.429 INFO [Catalina-utility-2] org.apache.catalina.startup.HostConfig.reload Reloading context [/Gaja_Project]
02-Nov-2023 22:24:49.430 INFO [Catalina-utility-2] org.apache.catalina.core.StandardContext.reload Reloading Context with name [/Gaja_Project] has started
02-Nov-2023 22:24:49.474 INFO [Catalina-utility-2] org.apache.catalina.core.StandardContext.reload Reloading Context with name [/Gaja_Project] is completed
02-Nov-2023 22:27:49.774 INFO [Catalina-utility-1] org.apache.catalina.startup.HostConfig.reload Reloading context [/Gaja_Project]
02-Nov-2023 22:27:49.775 INFO [Catalina-utility-1] org.apache.catalina.core.StandardContext.reload Reloading Context with name [/Gaja_Project] has started
02-Nov-2023 22:27:49.849 INFO [Catalina-utility-1] org.apache.catalina.core.StandardContext.reload Reloading Context with name [/Gaja_Project] is completed
02-Nov-2023 22:46:09.147 INFO [http-nio-8080-exec-23] org.apache.catalina.core.StandardContext.reload Reloading Context with name [/Gaja_Project] has started
02-Nov-2023 22:46:10.322 INFO [http-nio-8080-exec-23] org.apache.jasper.servlet.TldScanner.scanJars At least one JAR was scanned for TLDs yet contained no TLDs. Enable debug logging for this logger for a complete list of JARs that were scanned but no TLDs were found in them. Skipping unneeded JARs during scanning can improve startup time and JSP compilation time.
02-Nov-2023 22:46:10.346 INFO [http-nio-8080-exec-23] org.apache.catalina.core.StandardContext.reload Reloading Context with name [/Gaja_Project] is completed
02-Nov-2023 22:46:10.684 INFO [http-nio-8080-exec-22] org.apache.catalina.core.StandardContext.reload Reloading Context with name [/Gaja_Project] has started
02-Nov-2023 22:46:11.369 INFO [http-nio-8080-exec-22] org.apache.jasper.servlet.TldScanner.scanJars At least one JAR was scanned for TLDs yet contained no TLDs. Enable debug logging for this logger for a complete list of JARs that were scanned but no TLDs were found in them. Skipping unneeded JARs during scanning can improve startup time and JSP compilation time.
02-Nov-2023 22:46:11.402 INFO [http-nio-8080-exec-22] org.apache.catalina.core.StandardContext.reload Reloading Context with name [/Gaja_Project] is completed
02-Nov-2023 22:46:16.981 INFO [http-nio-8080-exec-19] org.apache.catalina.core.StandardContext.reload Reloading Context with name [/Gaja_Project] has started
02-Nov-2023 22:46:17.784 INFO [http-nio-8080-exec-19] org.apache.jasper.servlet.TldScanner.scanJars At least one JAR was scanned for TLDs yet contained no TLDs. Enable debug logging for this logger for a complete list of JARs that were scanned but no TLDs were found in them. Skipping unneeded JARs during scanning can improve startup time and JSP compilation time.
02-Nov-2023 22:46:17.830 INFO [http-nio-8080-exec-19] org.apache.catalina.core.StandardContext.reload Reloading Context with name [/Gaja_Project] is completed
